<?xml version="1.0" encoding="UTF-8"?>
<testng-results skipped="0" failed="0" ignored="0" total="2" passed="2">
  <reporter-output>
  </reporter-output>
  <suite name="Surefire suite" duration-ms="12535" started-at="2021-08-18T14:23:21Z" finished-at="2021-08-18T14:23:34Z">
    <groups>
    </groups>
    <test name="Surefire test" duration-ms="12535" started-at="2021-08-18T14:23:21Z" finished-at="2021-08-18T14:23:34Z">
      <class name="com.api.DesignPattern_RG.DemoTest">
        <test-method status="PASS" signature="setup()[pri:0, instance:com.api.DesignPattern_RG.DemoTest@4157f54e]" name="setup" is-config="true" duration-ms="1590" started-at="2021-08-18T14:23:21Z" finished-at="2021-08-18T14:23:23Z">
          <reporter-output>
          </reporter-output>
        </test-method> <!-- setup -->
        <test-method status="PASS" signature="flightTest(java.util.HashMap)[pri:0, instance:com.api.DesignPattern_RG.DemoTest@4157f54e]" name="flightTest" duration-ms="6486" started-at="2021-08-18T14:23:23Z" data-provider="getData" finished-at="2021-08-18T14:23:30Z">
          <params>
            <param index="0">
              <value>
                <![CDATA[{destination=HYD, destination2=DEL, origin=MAA}]]>
              </value>
            </param>
          </params>
          <reporter-output>
          </reporter-output>
        </test-method> <!-- flightTest -->
        <test-method status="PASS" signature="flightTest(java.util.HashMap)[pri:0, instance:com.api.DesignPattern_RG.DemoTest@4157f54e]" name="flightTest" duration-ms="3613" started-at="2021-08-18T14:23:30Z" data-provider="getData" finished-at="2021-08-18T14:23:33Z">
          <params>
            <param index="0">
              <value>
                <![CDATA[{destination=HYD, destination2=MAA, origin=DEL}]]>
              </value>
            </param>
          </params>
          <reporter-output>
          </reporter-output>
        </test-method> <!-- flightTest -->
        <test-method status="PASS" signature="tearDown()[pri:0, instance:com.api.DesignPattern_RG.DemoTest@4157f54e]" name="tearDown" is-config="true" duration-ms="636" started-at="2021-08-18T14:23:33Z" finished-at="2021-08-18T14:23:34Z">
          <reporter-output>
          </reporter-output>
        </test-method> <!-- tearDown -->
      </class> <!-- com.api.DesignPattern_RG.DemoTest -->
    </test> <!-- Surefire test -->
  </suite> <!-- Surefire suite -->
</testng-results>
