<?xml version="1.0" encoding="UTF-8"?>
<testng-results skipped="0" failed="0" ignored="0" total="2" passed="2">
  <reporter-output>
  </reporter-output>
  <suite name="Default suite" duration-ms="14155" started-at="2021-08-18T06:49:49Z" finished-at="2021-08-18T06:50:03Z">
    <groups>
    </groups>
    <test name="Default test" duration-ms="14155" started-at="2021-08-18T06:49:49Z" finished-at="2021-08-18T06:50:03Z">
      <class name="com.api.DesignPattern_RG.DemoTest">
        <test-method status="PASS" signature="setup()[pri:0, instance:com.api.DesignPattern_RG.DemoTest@6e0dec4a]" name="setup" is-config="true" duration-ms="1659" started-at="2021-08-18T06:49:49Z" finished-at="2021-08-18T06:49:50Z">
          <reporter-output>
          </reporter-output>
        </test-method> <!-- setup -->
        <test-method status="PASS" signature="flightTest(java.util.HashMap)[pri:0, instance:com.api.DesignPattern_RG.DemoTest@6e0dec4a]" name="flightTest" duration-ms="7357" started-at="2021-08-18T06:49:51Z" data-provider="getData" finished-at="2021-08-18T06:49:58Z">
          <params>
            <param index="0">
              <value>
                <![CDATA[{destination=HYD, destination2=DEL, origin=MAA}]]>
              </value>
            </param>
          </params>
          <reporter-output>
          </reporter-output>
        </test-method> <!-- flightTest -->
        <test-method status="PASS" signature="flightTest(java.util.HashMap)[pri:0, instance:com.api.DesignPattern_RG.DemoTest@6e0dec4a]" name="flightTest" duration-ms="3689" started-at="2021-08-18T06:49:58Z" data-provider="getData" finished-at="2021-08-18T06:50:02Z">
          <params>
            <param index="0">
              <value>
                <![CDATA[{destination=HYD, destination2=MAA, origin=DEL}]]>
              </value>
            </param>
          </params>
          <reporter-output>
          </reporter-output>
        </test-method> <!-- flightTest -->
        <test-method status="PASS" signature="tearDown()[pri:0, instance:com.api.DesignPattern_RG.DemoTest@6e0dec4a]" name="tearDown" is-config="true" duration-ms="688" started-at="2021-08-18T06:50:02Z" finished-at="2021-08-18T06:50:03Z">
          <reporter-output>
          </reporter-output>
        </test-method> <!-- tearDown -->
      </class> <!-- com.api.DesignPattern_RG.DemoTest -->
    </test> <!-- Default test -->
  </suite> <!-- Default suite -->
</testng-results>
